Log file open, 05/31/23 22:23:15
LogWindows: Failed to load 'aqProf.dll' (GetLastError=126)
LogWindows: File 'aqProf.dll' does not exist
LogWindows: Failed to load 'VSPerf140.dll' (GetLastError=126)
LogWindows: File 'VSPerf140.dll' does not exist
LogWindows: Failed to load 'VtuneApi.dll' (GetLastError=126)
LogWindows: File 'VtuneApi.dll' does not exist
LogWindows: Failed to load 'VtuneApi32e.dll' (GetLastError=126)
LogWindows: File 'VtuneApi32e.dll' does not exist
LogInit: Display: Running engine for game: GrAward
LogPlatformFile: Not using cached read wrapper
LogInit: Display: RandInit(367916834) SRandInit(367916834).
LogTaskGraph: Started task graph with 5 named threads and 17 total threads with 3 sets of task threads.
LogStats: Stats thread started at 0.249739
LogD3D11RHI: Aftermath initialized
LogPluginManager: Mounting plugin Paper2D
LogPluginManager: Mounting plugin LightPropagationVolume
LogPluginManager: Mounting plugin CodeLiteSourceCodeAccess
LogPluginManager: Mounting plugin GitSourceControl
LogPluginManager: Mounting plugin KDevelopSourceCodeAccess
LogPluginManager: Mounting plugin NullSourceCodeAccess
LogPluginManager: Mounting plugin PerforceSourceControl
LogPluginManager: Mounting plugin SubversionSourceControl
LogPluginManager: Mounting plugin UObjectPlugin
LogPluginManager: Mounting plugin VisualStudioSourceCodeAccess
LogPluginManager: Mounting plugin XCodeSourceCodeAccess
LogPluginManager: Mounting plugin AssetManagerEditor
LogPluginManager: Mounting plugin AudioCapture
LogPluginManager: Mounting plugin FacialAnimation
LogPluginManager: Mounting plugin GameplayTagsEditor
LogPluginManager: Mounting plugin MobileLauncherProfileWizard
LogPluginManager: Mounting plugin PluginBrowser
LogPluginManager: Mounting plugin SpeedTreeImporter
LogPluginManager: Mounting plugin AlembicImporter
LogPluginManager: Mounting plugin CharacterAI
LogPluginManager: Mounting plugin HTML5Networking
LogPluginManager: Mounting plugin AndroidMedia
LogPluginManager: Mounting plugin AvfMedia
LogPluginManager: Mounting plugin MediaPlayerEditor
LogPluginManager: Mounting plugin WmfMedia
LogPluginManager: Mounting plugin TcpMessaging
LogPluginManager: Mounting plugin UdpMessaging
LogPluginManager: Mounting plugin LevelSequenceEditor
LogPluginManager: Mounting plugin MatineeToLevelSequence
LogPluginManager: Mounting plugin OnlineSubsystemGooglePlay
LogPluginManager: Mounting plugin OnlineSubsystemIOS
LogPluginManager: Mounting plugin OnlineSubsystem
LogPluginManager: Mounting plugin OnlineSubsystemNull
LogPluginManager: Mounting plugin OnlineSubsystemUtils
LogPluginManager: Mounting plugin AndroidDeviceProfileSelector
LogPluginManager: Mounting plugin AndroidMoviePlayer
LogPluginManager: Mounting plugin AndroidPermission
LogPluginManager: Mounting plugin AppleMoviePlayer
LogPluginManager: Mounting plugin ArchVisCharacter
LogPluginManager: Mounting plugin CableComponent
LogPluginManager: Mounting plugin CustomMeshComponent
LogPluginManager: Mounting plugin ExampleDeviceProfileSelector
LogPluginManager: Mounting plugin GoogleCloudMessaging
LogPluginManager: Mounting plugin ImmediatePhysics
LogPluginManager: Mounting plugin IOSDeviceProfileSelector
LogPluginManager: Mounting plugin LinuxDeviceProfileSelector
LogPluginManager: Mounting plugin LocationServicesBPLibrary
LogPluginManager: Mounting plugin MobilePatchingUtils
LogPluginManager: Mounting plugin OculusVR
LogPluginManager: Mounting plugin PhysXVehicles
LogPluginManager: Mounting plugin ProceduralMeshComponent
LogPluginManager: Mounting plugin RuntimePhysXCooking
LogPluginManager: Mounting plugin SteamVR
LogPluginManager: Mounting plugin WindowsMoviePlayer
LogInit: Using libcurl 7.47.1
LogInit:  - built for x86_64-pc-win32
LogInit:  - supports SSL with OpenSSL/1.0.2g
LogInit:  - supports HTTP deflate (compression) using libz 1.2.8
LogInit:  - other features:
LogInit:      CURL_VERSION_SSL
LogInit:      CURL_VERSION_LIBZ
LogInit:      CURL_VERSION_IPV6
LogInit:      CURL_VERSION_ASYNCHDNS
LogInit:      CURL_VERSION_LARGEFILE
LogInit:      CURL_VERSION_IDN
LogInit:  CurlRequestOptions (configurable via config and command line):
LogInit:  - bVerifyPeer = false  - Libcurl will NOT verify peer certificate
LogInit:  - bUseHttpProxy = false  - Libcurl will NOT use HTTP proxy
LogInit:  - bDontReuseConnections = false  - Libcurl will reuse connections
LogInit:  - CertBundlePath = nullptr  - Libcurl will use whatever was configured at build time.
LogInit: Build: ++UE4+Release-4.17-CL-3658906
LogInit: Engine Version: 4.17.2-3658906+++UE4+Release-4.17
LogInit: Compatible Engine Version: 4.17.0-3573198+++UE4+Release-4.17
LogInit: Net CL: 3573198
LogDevObjectVersion: Number of dev versions registered: 16
LogDevObjectVersion:   Dev-Blueprints (B0D832E4-1F89-4F0D-ACCF-7EB736FD4AA2): 10
LogDevObjectVersion:   Dev-Build (E1C64328-A22C-4D53-A36C-8E866417BD8C): 0
LogDevObjectVersion:   Dev-Core (375EC13C-06E4-48FB-B500-84F0262A717E): 2
LogDevObjectVersion:   Dev-Editor (E4B068ED-F494-42E9-A231-DA0B2E46BB41): 20
LogDevObjectVersion:   Dev-Framework (CFFC743F-43B0-4480-9391-14DF171D2073): 28
LogDevObjectVersion:   Dev-Mobile (B02B49B5-BB20-44E9-A304-32B752E40360): 0
LogDevObjectVersion:   Dev-Networking (A4E4105C-59A1-49B5-A7C5-40C4547EDFEE): 0
LogDevObjectVersion:   Dev-Online (39C831C9-5AE6-47DC-9A44-9C173E1C8E7C): 0
LogDevObjectVersion:   Dev-Physics (78F01B33-EBEA-4F98-B9B4-84EACCB95AA2): 0
LogDevObjectVersion:   Dev-Platform (6631380F-2D4D-43E0-8009-CF276956A95A): 0
LogDevObjectVersion:   Dev-Rendering (12F88B9F-8875-4AFC-A67C-D90C383ABD29): 19
LogDevObjectVersion:   Dev-Sequencer (7B5AE74C-D270-4C10-A958-57980B212A5A): 4
LogDevObjectVersion:   Dev-VR (D7296918-1DD6-4BDD-9DE2-64A83CC13884): 0
LogDevObjectVersion:   Dev-LoadTimes (C2A15278-BFE7-4AFE-6C17-90FF531DF755): 1
LogDevObjectVersion:   Private-Geometry (6EACA3D4-40EC-4CC1-B786-8BED09428FC5): 1
LogDevObjectVersion:   Dev-AnimPhys (29E575DD-E0A3-4627-9D10-D276232CDCEA): 7
LogInit: Compiled (64-bit): Sep 22 2017 13:47:16
LogInit: Compiled with Visual C++: 19.00.24215.01
LogInit: Build Configuration: Development
LogInit: Branch Name: ++UE4+Release-4.17
LogInit: Command line:  /Temp/Autosaves/Game/Map/UEDPCStudio -game -PIEVIACONSOLE -ResX=1280 -ResY=720  -Multiprocess -messaging -SessionName="Play in Standalone Game" -windowed 
LogInit: Base directory: C:/Program Files/Epic Games/UE_4.17/Engine/Binaries/Win64/
LogInit: Installed Engine Build: 1
LogInit: Presizing for max 8388607 objects, including 0 objects not considered by GC, pre-allocating 0 bytes for permanent pool.
LogInit: Object subsystem initialized
[2023.05.31-13.23.15:663][  0]LogInit: Selected Device Profile: [Windows]
[2023.05.31-13.23.15:663][  0]LogInit: Applying CVar settings loaded from the selected device profile: [Windows]
[2023.05.31-13.23.15:693][  0]LogInit: Computer: MSI
[2023.05.31-13.23.15:693][  0]LogInit: User: kis11
[2023.05.31-13.23.15:693][  0]LogInit: CPU Page size=4096, Cores=10
[2023.05.31-13.23.15:693][  0]LogInit: High frequency timer resolution =10.000000 MHz
[2023.05.31-13.23.15:693][  0]LogMemory: Memory total: Physical=15.7GB (16GB approx)
[2023.05.31-13.23.15:693][  0]LogMemory: Platform Memory Stats for Windows
[2023.05.31-13.23.15:693][  0]LogMemory: Process Physical Memory: 285.39 MB used, 285.39 MB peak
[2023.05.31-13.23.15:693][  0]LogMemory: Process Virtual Memory: 280.95 MB used, 280.95 MB peak
[2023.05.31-13.23.15:693][  0]LogMemory: Physical Memory: 12640.38 MB used,  3445.80 MB free, 16086.18 MB total
[2023.05.31-13.23.15:693][  0]LogMemory: Virtual Memory: 4805.48 MB used,  3445.80 MB free, 134217728.00 MB total
[2023.05.31-13.23.15:967][  0]LogInit: Using OS detected language (ja-JP).
[2023.05.31-13.23.15:967][  0]LogInit: Using OS detected locale (ja-JP).
[2023.05.31-13.23.16:016][  0]LogTextLocalizationManager: No specific localization for 'ja-JP' exists, so the 'ja' localization will be used.
[2023.05.31-13.23.16:283][  0]LogD3D11RHI: D3D11 adapters:
[2023.05.31-13.23.16:406][  0]LogD3D11RHI:    0. 'NVIDIA GeForce RTX 4060 Laptop GPU' (Feature Level 11_0)
[2023.05.31-13.23.16:406][  0]LogD3D11RHI:       7971/0/8043 MB DedicatedVideo/DedicatedSystem/SharedSystem, Outputs:2, VendorId:0x10de
[2023.05.31-13.23.16:449][  0]LogD3D11RHI:    1. 'Intel(R) UHD Graphics' (Feature Level 11_0)
[2023.05.31-13.23.16:449][  0]LogD3D11RHI:       128/0/8043 MB DedicatedVideo/DedicatedSystem/SharedSystem, Outputs:0, VendorId:0x8086
[2023.05.31-13.23.16:452][  0]LogD3D11RHI:    2. 'Microsoft Basic Render Driver' (Feature Level 11_0)
[2023.05.31-13.23.16:452][  0]LogD3D11RHI:       0/0/8043 MB DedicatedVideo/DedicatedSystem/SharedSystem, Outputs:0, VendorId:0x1414
[2023.05.31-13.23.16:452][  0]LogD3D11RHI: Chosen D3D11 Adapter: 0
[2023.05.31-13.23.16:459][  0]LogD3D11RHI: Creating new Direct3DDevice
[2023.05.31-13.23.16:459][  0]LogD3D11RHI:     GPU DeviceId: 0x28a0 (for the marketing name, search the web for "GPU Device Id")
[2023.05.31-13.23.16:459][  0]LogWindows: EnumDisplayDevices:
[2023.05.31-13.23.16:459][  0]LogWindows:    0. 'Intel(R) UHD Graphics' (P:0 D:1)
[2023.05.31-13.23.16:459][  0]LogWindows:    1. 'Intel(R) UHD Graphics' (P:1 D:1)
[2023.05.31-13.23.16:459][  0]LogWindows:    2. 'Intel(R) UHD Graphics' (P:0 D:0)
[2023.05.31-13.23.16:459][  0]LogWindows:    3. 'Intel(R) UHD Graphics' (P:0 D:0)
[2023.05.31-13.23.16:460][  0]LogWindows:    4. 'NVIDIA GeForce RTX 4060 Laptop GPU' (P:0 D:0)
[2023.05.31-13.23.16:460][  0]LogWindows:    5. 'NVIDIA GeForce RTX 4060 Laptop GPU' (P:0 D:0)
[2023.05.31-13.23.16:460][  0]LogWindows:    6. 'NVIDIA GeForce RTX 4060 Laptop GPU' (P:0 D:0)
[2023.05.31-13.23.16:460][  0]LogWindows:    7. 'NVIDIA GeForce RTX 4060 Laptop GPU' (P:0 D:0)
[2023.05.31-13.23.16:460][  0]LogWindows: DebugString: GetVideoDriverDetailsInvalid PrimaryIsNotTheChoosenAdapter GetVideoDriverDetailsInvalid PrimaryIsNotTheChoosenAdapter GetVideoDriverDetailsInvalid PrimaryIsNotTheChoosenAdapter GetVideoDriverDetailsInvalid PrimaryIsNotTheChoosenAdapter GetVideoDriverDetailsInvalid PrimaryIsNotTheChoosenAdapter GetVideoDriverDetailsInvalid PrimaryIsNotTheChoosenAdapter GetVideoDriverDetailsInvalid PrimaryIsNotTheChoosenAdapter GetVideoDriverDetailsInvalid PrimaryIsNotTheChoosenAdapter FoundDriverCount:0 
[2023.05.31-13.23.16:460][  0]LogD3D11RHI:     Adapter Name: NVIDIA GeForce RTX 4060 Laptop GPU
[2023.05.31-13.23.16:460][  0]LogD3D11RHI:   Driver Version: Unknown (internal:Unknown, unified:Unknown)
[2023.05.31-13.23.16:460][  0]LogD3D11RHI:      Driver Date: Unknown
[2023.05.31-13.23.16:460][  0]LogRHI: Texture pool is 1361 MB (70% of 1945 MB)
[2023.05.31-13.23.16:526][  0]LogD3D11RHI: Async texture creation enabled
[2023.05.31-13.23.16:541][  0]LogD3D11RHI: GPU Timing Frequency: 1000.000000 (Debug: 2 2)
[2023.05.31-13.23.16:542][  0]LogShaderCompilers: Guid format shader working directory is -24 characters bigger than the processId version (../../../../../../Users/kis11/OneDrive/ドキュメント/Unreal Projects/GrAward/Intermediate/Shaders/WorkingDirectory/30448/).
[2023.05.31-13.23.16:542][  0]LogShaderCompilers: Cleaned the shader compiler working directory 'C:/Users/kis11/AppData/Local/Temp/UnrealShaderWorkingDir/3BBCC8594556123694D688B2A25DD0B6/'.
[2023.05.31-13.23.16:542][  0]LogShaderCompilers: Display: Using Local Shader Compiler.
[2023.05.31-13.23.17:313][  0]LogTemp: Display: Loaded TP WindowsClientTargetPlatform
[2023.05.31-13.23.17:348][  0]LogTemp: Display: Loaded TP WindowsNoEditorTargetPlatform
[2023.05.31-13.23.17:385][  0]LogTemp: Display: Loaded TP WindowsServerTargetPlatform
[2023.05.31-13.23.17:434][  0]LogTemp: Display: Loaded TP WindowsTargetPlatform
[2023.05.31-13.23.17:434][  0]LogTargetPlatformManager: Display: Building Assets For Windows
[2023.05.31-13.23.18:023][  0]LogDerivedDataCache: Display: Max Cache Size: 512 MB
[2023.05.31-13.23.18:161][  0]LogDerivedDataCache: Loaded boot cache 0.14s 93MB C:/Users/kis11/AppData/Local/UnrealEngine/4.17/DerivedDataCache/Boot.ddc.
[2023.05.31-13.23.18:161][  0]LogDerivedDataCache: Display: Loaded Boot cache: C:/Users/kis11/AppData/Local/UnrealEngine/4.17/DerivedDataCache/Boot.ddc
[2023.05.31-13.23.18:161][  0]LogDerivedDataCache: FDerivedDataBackendGraph:  Pak pak cache file ../../../../../../Users/kis11/OneDrive/ドキュメント/Unreal Projects/GrAward/DerivedDataCache/DDC.ddp not found, will not use a pak cache.
[2023.05.31-13.23.18:161][  0]LogDerivedDataCache: Unable to find inner node Pak for hierarchical cache Hierarchy.
[2023.05.31-13.23.18:161][  0]LogDerivedDataCache: FDerivedDataBackendGraph:  CompressedPak pak cache file ../../../../../../Users/kis11/OneDrive/ドキュメント/Unreal Projects/GrAward/DerivedDataCache/Compressed.ddp not found, will not use a pak cache.
[2023.05.31-13.23.18:161][  0]LogDerivedDataCache: Unable to find inner node CompressedPak for hierarchical cache Hierarchy.
[2023.05.31-13.23.18:181][  0]LogDerivedDataCache: Display: Pak cache opened for reading ../../../Engine/DerivedDataCache/Compressed.ddp.
[2023.05.31-13.23.18:193][  0]LogDerivedDataCache: Using Local data cache path C:/Users/kis11/AppData/Local/UnrealEngine/Common/DerivedDataCache: Writable
[2023.05.31-13.23.18:198][  0]LogMaterial: Verifying Global Shaders for PCD3D_SM5
[2023.05.31-13.23.18:200][  0]LogSlate: Using Freetype 2.6.0
[2023.05.31-13.23.18:210][  0]LogSlate: SlateFontCache - WITH_FREETYPE: 1, WITH_HARFBUZZ: 1
[2023.05.31-13.23.18:210][  0]LogSlate: SlateFontCache - WITH_FREETYPE: 1, WITH_HARFBUZZ: 1
[2023.05.31-13.23.18:466][  0]LogAssetRegistry: FAssetRegistry took 0.0029 seconds to start up
[2023.05.31-13.23.18:486][  0]LogPackageLocalizationCache: Processed 5 localized package path(s) for 2 prioritized culture(s) in 0.003757 seconds
[2023.05.31-13.23.18:862][  0]LogInit: Selected Device Profile: [Windows]
[2023.05.31-13.23.18:999][  0]LogContentStreaming: Texture pool size is 1000.00 MB
[2023.05.31-13.23.19:212][  0]LogSimplygon: Simplygon DLL not present - disabling.
[2023.05.31-13.23.19:250][  0]LogMeshReduction: Using SimplygonSwarm for distributed automatic mesh merging
[2023.05.31-13.23.19:250][  0]LogMeshReduction: Using QuadricMeshReduction for automatic static mesh reduction
[2023.05.31-13.23.19:250][  0]LogMeshReduction: No automatic skeletal mesh reduction module available
[2023.05.31-13.23.19:250][  0]LogMeshReduction: No automatic mesh merging module available
[2023.05.31-13.23.19:250][  0]LogMeshMerging: No automatic mesh merging module available
[2023.05.31-13.23.19:579][  0]LogNetVersion: GrAward , NetCL: 3573198, EngineNetVer: 2, GameNetVer: 0 (Checksum: 4273453024)
[2023.05.31-13.23.19:725][  0]LogInit: WinSock: version 1.1 (2.2), MaxSocks=32767, MaxUdp=65467
[2023.05.31-13.23.20:946][  0]LogMoviePlayer: Initializing movie player
[2023.05.31-13.23.21:578][  0]LogCollectionManager: Loaded 0 collections in 0.001775 seconds
[2023.05.31-13.23.21:631][  0]LogFileCache: Scanning file cache for directory 'C:/Users/kis11/OneDrive/ドキュメント/Unreal Projects/GrAward/Saved/Collections/' took 0.01s
[2023.05.31-13.23.21:631][  0]LogFileCache: Scanning file cache for directory 'C:/Users/kis11/OneDrive/ドキュメント/Unreal Projects/GrAward/Content/Developers/kis11/Collections/' took 0.01s
[2023.05.31-13.23.21:631][  0]LogFileCache: Scanning file cache for directory 'C:/Users/kis11/OneDrive/ドキュメント/Unreal Projects/GrAward/Content/Collections/' took 0.01s
[2023.05.31-13.23.21:631][  0]LogCollectionManager: Rebuilt the object cache for 0 collections in 0.000000 seconds (found 0 objects)
[2023.05.31-13.23.21:631][  0]LogCollectionManager: Fixed up redirectors for 0 collections in 0.000062 seconds (updated 0 objects)
[2023.05.31-13.23.21:794][  0]LogTcpMessaging: Initializing TcpMessaging bridge
[2023.05.31-13.23.21:836][  0]LogUdpMessaging: Initializing bridge on interface 0.0.0.0:0 to multicast group 230.0.0.1:6666.
[2023.05.31-13.23.22:287][  0]SourceControl: ソースコントロールは無効です
[2023.05.31-13.23.22:287][  0]SourceControl: ソースコントロールは無効です
[2023.05.31-13.23.22:344][  0]SourceControl: ソースコントロールは無効です
[2023.05.31-13.23.22:605][  0]LogAndroidPermission: UAndroidPermissionCallbackProxy::GetInstance
[2023.05.31-13.23.22:843][  0]LogOcInput: OculusInput pre-init called
[2023.05.31-13.23.22:936][  0]LogUObjectArray: 38664 objects as part of root set at end of initial load.
[2023.05.31-13.23.22:936][  0]LogUObjectAllocator: 8462000 out of 0 bytes used by permanent object pool.
[2023.05.31-13.23.22:936][  0]LogUObjectArray: CloseDisregardForGC: 0/0 objects in disregard for GC pool
[2023.05.31-13.23.23:092][  0]LogEngine: Initializing Engine...
[2023.05.31-13.23.23:094][  0]LogHMD: Failed to initialize OpenVR with code 110
[2023.05.31-13.23.23:231][  0]LogStats: UGameplayTagsManager::ConstructGameplayTagTree: Construct from data asset -  0.000 s
[2023.05.31-13.23.23:231][  0]LogStats: UGameplayTagsManager::ConstructGameplayTagTree: GameplayTagTreeChangedEvent.Broadcast -  0.000 s
[2023.05.31-13.23.23:247][  0]LogInit: XAudio2 using 'スピーカー (Realtek(R) Audio)' : 2 channels at 48 kHz using 32 bits per sample (channel mask 0x3)
[2023.05.31-13.23.23:296][  0]LogInit: FAudioDevice initialized.
[2023.05.31-13.23.23:318][  0]LogInit: Texture streaming: Enabled
[2023.05.31-13.23.23:333][  0]LogMaterial: Uniform references updated for custom material expression Custom.
[2023.05.31-13.23.23:589][  0]LogSlateStyle: Warning: スレートウィジェットスタイル 'NormalText' が見つかりません。代わりに FTextBlockStyle をデフォルトに使用します。
[2023.05.31-13.23.23:589][  0]LogSlateStyle: Warning: スレートウィジェットスタイル 'SpinBox' が見つかりません。代わりに FSpinBoxStyle をデフォルトに使用します。
[2023.05.31-13.23.23:817][  0]LogInit: Display: Game Engine Initialized.
[2023.05.31-13.23.23:817][  0]LogGameplayTags: Display: UGameplayTagsManager::DoneAddingNativeTags. DelegateIsBound: 0
[2023.05.31-13.23.23:990][  0]LogInit: Display: Starting Game.
[2023.05.31-13.23.23:990][  0]LogNet: Browse: /Temp/Autosaves/Game/Map/UEDPCStudio?Name=Player
[2023.05.31-13.23.23:990][  0]LogLoad: LoadMap: /Temp/Autosaves/Game/Map/UEDPCStudio?Name=Player
[2023.05.31-13.23.24:013][  0]LogMemory: Platform Memory Stats for Windows
[2023.05.31-13.23.24:013][  0]LogMemory: Process Physical Memory: 957.07 MB used, 1076.52 MB peak
[2023.05.31-13.23.24:013][  0]LogMemory: Process Virtual Memory: 1091.50 MB used, 1166.96 MB peak
[2023.05.31-13.23.24:013][  0]LogMemory: Physical Memory: 13132.30 MB used,  2953.88 MB free, 16086.18 MB total
[2023.05.31-13.23.24:013][  0]LogMemory: Virtual Memory: 6244.46 MB used,  2953.88 MB free, 134217728.00 MB total
[2023.05.31-13.23.24:013][  0]LogMemory: 
[2023.05.31-13.23.24:013][  0]Allocator Stats for TBB: (not implemented)
[2023.05.31-13.23.24:178][  0]LogAIModule: Creating AISystem for world Studio
[2023.05.31-13.23.24:181][  0]LogLoad: Game class is 'NoPawnGameMode_C'
[2023.05.31-13.23.24:183][  0]LogWorld: Bringing World /Temp/Autosaves/Game/Map/UEDPCStudio.Studio up for play (max tick rate 0) at 2023.05.31-22.23.24
[2023.05.31-13.23.24:199][  0]LogWorld: Bringing up level for play took: 0.016991
[2023.05.31-13.23.24:200][  0]LogLoad: Took 0.210648 seconds to LoadMap(/Temp/Autosaves/Game/Map/UEDPCStudio)
[2023.05.31-13.23.27:536][  0]LogLoad: (Engine Initialization) Total time: 13.81 seconds
[2023.05.31-13.23.27:536][  0]LogLoad: (Engine Initialization) Total Blueprint compile time: 0.00 seconds
[2023.05.31-13.23.27:537][  0]LogExternalProfiler: No external profilers were discovered.  External profiling features will not be available.
[2023.05.31-13.23.27:612][  2]LogRenderer: Reallocating scene render targets to support 1280x720 Format 10 NumSamples 1 (Frame:1).
[2023.05.31-13.23.37:732][615]LogPackageName: SearchForPackageOnDisk took   0.178s to resolve Start.umap.
[2023.05.31-13.23.37:811][616]LogPackageName: SearchForPackageOnDisk took   0.076s to resolve Start.umap.
[2023.05.31-13.23.37:811][616]LogNet: Browse: /Game/Map/Start
[2023.05.31-13.23.37:811][616]LogLoad: LoadMap: /Game/Map/Start
[2023.05.31-13.23.37:837][616]LogMemory: Platform Memory Stats for Windows
[2023.05.31-13.23.37:837][616]LogMemory: Process Physical Memory: 855.42 MB used, 1076.52 MB peak
[2023.05.31-13.23.37:837][616]LogMemory: Process Virtual Memory: 1179.17 MB used, 1213.61 MB peak
[2023.05.31-13.23.37:837][616]LogMemory: Physical Memory: 12964.95 MB used,  3121.23 MB free, 16086.18 MB total
[2023.05.31-13.23.37:837][616]LogMemory: Virtual Memory: 6404.41 MB used,  3121.23 MB free, 134217728.00 MB total
[2023.05.31-13.23.37:837][616]LogMemory: 
[2023.05.31-13.23.37:837][616]Allocator Stats for TBB: (not implemented)
[2023.05.31-13.23.37:892][616]LogBlueprint: Warning: [W_Score] 'SaveStageNum' variable not found. Base class was probably changed.
[2023.05.31-13.23.37:957][616]LogAIModule: Creating AISystem for world Start
[2023.05.31-13.23.37:959][616]LogLoad: Game class is 'NoPawnGameMode_C'
[2023.05.31-13.23.37:960][616]LogWorld: Bringing World /Game/Map/Start.Start up for play (max tick rate 0) at 2023.05.31-22.23.37
[2023.05.31-13.23.37:960][616]LogWorld: Bringing up level for play took: 0.000386
[2023.05.31-13.23.37:961][616]LogGameMode: FindPlayerStart: PATHS NOT DEFINED or NO PLAYERSTART with positive rating
[2023.05.31-13.23.37:962][616]LogLoad: Took 0.151854 seconds to LoadMap(/Game/Map/Start)
[2023.05.31-13.23.39:624][719]Closing by request
[2023.05.31-13.23.39:624][719]LogWindows: FPlatformMisc::RequestExit(0)
[2023.05.31-13.23.40:154][720]LogWindowsTextInputMethodSystem: Display: IME system now activated using TSF (Microsoft IME).
[2023.05.31-13.23.40:164][720]LogExit: Preparing to exit.
[2023.05.31-13.23.40:164][720]LogMoviePlayer: Shutting down movie player
[2023.05.31-13.23.40:978][720]LogExit: Game engine shut down
[2023.05.31-13.23.41:025][720]LogExit: Object subsystem successfully closed.
[2023.05.31-13.23.41:044][720]LogD3D11RHI: Shutdown
[2023.05.31-13.23.41:045][720]LogD3D11RHI: CleanupD3DDevice
[2023.05.31-13.23.41:046][720]LogD3D11RHI: ~FD3D11DynamicRHI
[2023.05.31-13.23.41:059][720]LogModuleManager: Shutting down and abandoning module SequenceRecorderSections (304)
[2023.05.31-13.23.41:059][720]LogModuleManager: Shutting down and abandoning module SequenceRecorder (302)
[2023.05.31-13.23.41:059][720]LogModuleManager: Shutting down and abandoning module AutomationController (300)
[2023.05.31-13.23.41:059][720]LogModuleManager: Shutting down and abandoning module AutomationWorker (298)
[2023.05.31-13.23.41:059][720]LogModuleManager: Shutting down and abandoning module AIModule (296)
[2023.05.31-13.23.41:059][720]LogModuleManager: Shutting down and abandoning module GameplayDebugger (295)
[2023.05.31-13.23.41:059][720]LogModuleManager: Shutting down and abandoning module AITestSuite (293)
[2023.05.31-13.23.41:059][720]LogModuleManager: Shutting down and abandoning module WmfMediaFactory (290)
[2023.05.31-13.23.41:059][720]LogModuleManager: Shutting down and abandoning module AvfMediaFactory (288)
[2023.05.31-13.23.41:059][720]LogModuleManager: Shutting down and abandoning module AndroidMediaFactory (286)
[2023.05.31-13.23.41:059][720]LogModuleManager: Shutting down and abandoning module Media (285)
[2023.05.31-13.23.41:059][720]LogModuleManager: Shutting down and abandoning module CharacterAI (282)
[2023.05.31-13.23.41:059][720]LogModuleManager: Shutting down and abandoning module SessionServices (280)
[2023.05.31-13.23.41:059][720]LogModuleManager: Shutting down and abandoning module MovieSceneCapture (278)
[2023.05.31-13.23.41:059][720]LogModuleManager: Shutting down and abandoning module MovieSceneTracks (276)
[2023.05.31-13.23.41:059][720]LogModuleManager: Shutting down and abandoning module MovieScene (274)
[2023.05.31-13.23.41:059][720]LogModuleManager: Shutting down and abandoning module GeometryCache (272)
[2023.05.31-13.23.41:059][720]LogModuleManager: Shutting down and abandoning module GeometryCacheEd (271)
[2023.05.31-13.23.41:059][720]LogModuleManager: Shutting down and abandoning module Niagara (268)
[2023.05.31-13.23.41:059][720]LogModuleManager: Shutting down and abandoning module NiagaraEditor (267)
[2023.05.31-13.23.41:060][720]LogModuleManager: Shutting down and abandoning module StreamingPauseRendering (264)
[2023.05.31-13.23.41:060][720]LogModuleManager: Shutting down and abandoning module PortalServices (262)
[2023.05.31-13.23.41:060][720]LogModuleManager: Shutting down and abandoning module PortalRpc (260)
[2023.05.31-13.23.41:060][720]LogModuleManager: Shutting down and abandoning module MessagingRpc (258)
[2023.05.31-13.23.41:060][720]LogModuleManager: Shutting down and abandoning module ProfilerService (256)
[2023.05.31-13.23.41:094][720]LogModuleManager: Shutting down and abandoning module TaskGraph (254)
[2023.05.31-13.23.41:095][720]LogModuleManager: Shutting down and abandoning module SteamVRController (252)
[2023.05.31-13.23.41:095][720]LogModuleManager: Shutting down and abandoning module ProceduralMeshComponent (250)
[2023.05.31-13.23.41:095][720]LogModuleManager: Shutting down and abandoning module OculusInput (248)
[2023.05.31-13.23.41:095][720]LogModuleManager: Shutting down and abandoning module MobilePatchingUtils (246)
[2023.05.31-13.23.41:095][720]LogModuleManager: Shutting down and abandoning module CustomMeshComponent (244)
[2023.05.31-13.23.41:095][720]LogModuleManager: Shutting down and abandoning module CableComponent (242)
[2023.05.31-13.23.41:095][720]LogModuleManager: Shutting down and abandoning module ArchVisCharacter (240)
[2023.05.31-13.23.41:095][720]LogModuleManager: Shutting down and abandoning module AndroidPermission (238)
[2023.05.31-13.23.41:095][720]LogModuleManager: Shutting down and abandoning module HTML5Networking (234)
[2023.05.31-13.23.41:095][720]LogModuleManager: Shutting down and abandoning module VisualStudioSourceCodeAccess (232)
[2023.05.31-13.23.41:095][720]LogModuleManager: Shutting down and abandoning module DesktopPlatform (231)
[2023.05.31-13.23.41:095][720]LogModuleManager: Shutting down and abandoning module HotReload (229)
[2023.05.31-13.23.41:095][720]LogModuleManager: Shutting down and abandoning module UObjectPlugin (226)
[2023.05.31-13.23.41:095][720]LogModuleManager: Shutting down and abandoning module SubversionSourceControl (224)
[2023.05.31-13.23.41:095][720]LogModuleManager: Shutting down and abandoning module PerforceSourceControl (222)
[2023.05.31-13.23.41:096][720]LogModuleManager: Shutting down and abandoning module SourceControl (221)
[2023.05.31-13.23.41:096][720]LogModuleManager: Shutting down and abandoning module RuntimePhysXCooking (218)
[2023.05.31-13.23.41:096][720]LogModuleManager: Shutting down and abandoning module PhysXVehiclesEditor (216)
[2023.05.31-13.23.41:096][720]LogModuleManager: Shutting down and abandoning module PhysXVehicles (214)
[2023.05.31-13.23.41:096][720]LogModuleManager: Shutting down and abandoning module LocationServicesBPLibrary (212)
[2023.05.31-13.23.41:096][720]LogModuleManager: Shutting down and abandoning module ImmediatePhysicsEditor (210)
[2023.05.31-13.23.41:096][720]LogModuleManager: Shutting down and abandoning module ImmediatePhysics (208)
[2023.05.31-13.23.41:096][720]LogModuleManager: Shutting down and abandoning module UdpMessaging (206)
[2023.05.31-13.23.41:198][720]LogModuleManager: Shutting down and abandoning module TcpMessaging (204)
[2023.05.31-13.23.41:806][720]LogModuleManager: Shutting down and abandoning module GameplayTagsEditor (202)
[2023.05.31-13.23.41:807][720]LogModuleManager: Shutting down and abandoning module FacialAnimation (200)
[2023.05.31-13.23.41:807][720]LogModuleManager: Shutting down and abandoning module AssetManagerEditor (198)
[2023.05.31-13.23.41:807][720]LogModuleManager: Shutting down and abandoning module GraphEditor (197)
[2023.05.31-13.23.41:807][720]LogModuleManager: Shutting down and abandoning module ContentBrowser (195)
[2023.05.31-13.23.41:807][720]LogModuleManager: Shutting down and abandoning module CollectionManager (194)
[2023.05.31-13.23.41:807][720]LogDirectoryWatcher: A directory notification for 'C:/Users/kis11/OneDrive/ドキュメント/Unreal Projects/GrAward/Content/Collections/' was aborted.
[2023.05.31-13.23.41:808][720]LogDirectoryWatcher: A directory notification for 'C:/Users/kis11/OneDrive/ドキュメント/Unreal Projects/GrAward/Content/Developers/kis11/Collections/' was aborted.
[2023.05.31-13.23.41:808][720]LogDirectoryWatcher: A directory notification for 'C:/Users/kis11/OneDrive/ドキュメント/Unreal Projects/GrAward/Saved/Collections/' was aborted.
[2023.05.31-13.23.41:808][720]LogModuleManager: Shutting down and abandoning module DirectoryWatcher (193)
[2023.05.31-13.23.41:808][720]LogModuleManager: Shutting down and abandoning module LightPropagationVolumeRuntime (188)
[2023.05.31-13.23.41:808][720]LogModuleManager: Shutting down and abandoning module Paper2D (186)
[2023.05.31-13.23.41:808][720]LogModuleManager: Shutting down and abandoning module WindowsMoviePlayer (184)
[2023.05.31-13.23.41:809][720]LogModuleManager: Shutting down and abandoning module WmfMedia (182)
[2023.05.31-13.23.41:812][720]LogModuleManager: Shutting down and abandoning module PacketHandler (180)
[2023.05.31-13.23.41:812][720]LogModuleManager: Shutting down and abandoning module ClothingSystemEditor (178)
[2023.05.31-13.23.41:812][720]LogModuleManager: Shutting down and abandoning module ClothingSystemRuntime (176)
[2023.05.31-13.23.41:812][720]LogModuleManager: Shutting down and abandoning module Overlay (174)
[2023.05.31-13.23.41:812][720]LogModuleManager: Shutting down and abandoning module OverlayEditor (173)
[2023.05.31-13.23.41:812][720]LogModuleManager: Shutting down and abandoning module MediaAssets (170)
[2023.05.31-13.23.41:812][720]LogModuleManager: Shutting down and abandoning module VREditor (168)
[2023.05.31-13.23.41:812][720]LogModuleManager: Shutting down and abandoning module StringTableEditor (166)
[2023.05.31-13.23.41:813][720]LogModuleManager: Shutting down and abandoning module GameplayTasksEditor (164)
[2023.05.31-13.23.41:813][720]LogModuleManager: Shutting down and abandoning module BehaviorTreeEditor (162)
[2023.05.31-13.23.41:813][720]LogModuleManager: Shutting down and abandoning module FunctionalTesting (160)
[2023.05.31-13.23.41:813][720]LogModuleManager: Shutting down and abandoning module CollisionAnalyzer (158)
[2023.05.31-13.23.41:814][720]LogModuleManager: Shutting down and abandoning module WorkspaceMenuStructure (157)
[2023.05.31-13.23.41:814][720]LogModuleManager: Shutting down and abandoning module UMG (154)
[2023.05.31-13.23.41:814][720]LogModuleManager: Shutting down and abandoning module UMGEditor (153)
[2023.05.31-13.23.41:814][720]LogModuleManager: Shutting down and abandoning module Sequencer (152)
[2023.05.31-13.23.41:814][720]LogModuleManager: Shutting down and abandoning module MessageLog (149)
[2023.05.31-13.23.41:814][720]LogModuleManager: Shutting down and abandoning module SlateReflector (144)
[2023.05.31-13.23.41:815][720]LogModuleManager: Shutting down and abandoning module Slate (142)
[2023.05.31-13.23.41:815][720]LogModuleManager: Shutting down and abandoning module EditorStyle (140)
[2023.05.31-13.23.41:816][720]LogModuleManager: Shutting down and abandoning module MRMesh (138)
[2023.05.31-13.23.41:816][720]LogModuleManager: Shutting down and abandoning module Messaging (136)
[2023.05.31-13.23.41:816][720]LogModuleManager: Shutting down and abandoning module SourceCodeAccess (134)
[2023.05.31-13.23.41:816][720]LogModuleManager: Shutting down and abandoning module HeadMountedDisplay (132)
[2023.05.31-13.23.41:816][720]LogModuleManager: Shutting down and abandoning module XAudio2 (130)
[2023.05.31-13.23.41:816][720]LogModuleManager: Shutting down and abandoning module Networking (128)
[2023.05.31-13.23.41:816][720]LogModuleManager: Shutting down and abandoning module Core (124)
[2023.05.31-13.23.41:816][720]LogModuleManager: Shutting down and abandoning module KismetCompiler (122)
[2023.05.31-13.23.41:816][720]LogModuleManager: Shutting down and abandoning module LevelSequence (120)
[2023.05.31-13.23.41:816][720]LogModuleManager: Shutting down and abandoning module MeshUtilities (118)
[2023.05.31-13.23.41:817][720]LogModuleManager: Shutting down and abandoning module MeshMergeUtilities (117)
[2023.05.31-13.23.41:817][720]LogModuleManager: Shutting down and abandoning module MeshReductionInterface (116)
[2023.05.31-13.23.41:817][720]LogModuleManager: Shutting down and abandoning module SimplygonSwarm (115)
[2023.05.31-13.23.41:818][720]LogModuleManager: Shutting down and abandoning module SimplygonMeshReduction (113)
[2023.05.31-13.23.41:818][720]LogModuleManager: Shutting down and abandoning module QuadricMeshReduction (111)
[2023.05.31-13.23.41:818][720]LogModuleManager: Shutting down and abandoning module MaterialBaking (107)
[2023.05.31-13.23.41:818][720]LogModuleManager: Shutting down and abandoning module DerivedDataCache (102)
[2023.05.31-13.23.42:213][720]LogDerivedDataCache: Shutdown
[2023.05.31-13.23.42:213][720]LogModuleManager: Shutting down and abandoning module TargetPlatform (100)
[2023.05.31-13.23.42:213][720]LogModuleManager: Shutting down and abandoning module VulkanShaderFormat (99)
[2023.05.31-13.23.42:213][720]LogModuleManager: Shutting down and abandoning module ShaderFormatVectorVM (97)
[2023.05.31-13.23.42:213][720]LogModuleManager: Shutting down and abandoning module ShaderFormatOpenGL (95)
[2023.05.31-13.23.42:213][720]LogModuleManager: Shutting down and abandoning module ShaderFormatD3D (93)
[2023.05.31-13.23.42:213][720]LogModuleManager: Shutting down and abandoning module MetalShaderFormat (91)
[2023.05.31-13.23.42:213][720]LogModuleManager: Shutting down and abandoning module TextureFormatUncompressed (89)
[2023.05.31-13.23.42:213][720]LogModuleManager: Shutting down and abandoning module TextureFormatPVR (87)
[2023.05.31-13.23.42:213][720]LogModuleManager: Shutting down and abandoning module TextureFormatDXT (85)
[2023.05.31-13.23.42:213][720]LogModuleManager: Shutting down and abandoning module TextureFormatIntelISPCTexComp (83)
[2023.05.31-13.23.42:214][720]LogModuleManager: Shutting down and abandoning module TextureFormatASTC (81)
[2023.05.31-13.23.42:214][720]LogModuleManager: Shutting down and abandoning module ImageWrapper (80)
[2023.05.31-13.23.42:214][720]LogModuleManager: Shutting down and abandoning module TextureFormatAndroid (77)
[2023.05.31-13.23.42:214][720]LogModuleManager: Shutting down and abandoning module AudioFormatOpus (75)
[2023.05.31-13.23.42:214][720]LogModuleManager: Shutting down and abandoning module AudioFormatOgg (73)
[2023.05.31-13.23.42:214][720]LogModuleManager: Shutting down and abandoning module AudioFormatADPCM (71)
[2023.05.31-13.23.42:214][720]LogModuleManager: Shutting down and abandoning module WindowsTargetPlatform (69)
[2023.05.31-13.23.42:214][720]LogModuleManager: Shutting down and abandoning module WindowsServerTargetPlatform (67)
[2023.05.31-13.23.42:214][720]LogModuleManager: Shutting down and abandoning module WindowsNoEditorTargetPlatform (65)
[2023.05.31-13.23.42:214][720]LogModuleManager: Shutting down and abandoning module WindowsClientTargetPlatform (63)
[2023.05.31-13.23.42:214][720]LogModuleManager: Shutting down and abandoning module InputCore (60)
[2023.05.31-13.23.42:214][720]LogModuleManager: Shutting down and abandoning module Settings (58)
[2023.05.31-13.23.42:214][720]LogModuleManager: Shutting down and abandoning module PhysXCooking (56)
[2023.05.31-13.23.42:214][720]LogModuleManager: Shutting down and abandoning module SteamVR (54)
[2023.05.31-13.23.42:214][720]LogModuleManager: Shutting down and abandoning module OculusHMD (52)
[2023.05.31-13.23.42:214][720]LogModuleManager: Shutting down and abandoning module ExampleDeviceProfileSelector (50)
[2023.05.31-13.23.42:214][720]LogModuleManager: Shutting down and abandoning module OnlineBlueprintSupport (48)
[2023.05.31-13.23.42:214][720]LogModuleManager: Shutting down and abandoning module OnlineSubsystem (44)
[2023.05.31-13.23.42:214][720]LogOnline: Display: Unloading online subsystem: NULL
[2023.05.31-13.23.42:214][720]LogModuleManager: Shutting down and abandoning module XMPP (43)
[2023.05.31-13.23.42:215][720]LogModuleManager: Shutting down and abandoning module HTTP (41)
[2023.05.31-13.23.42:219][720]LogModuleManager: Shutting down and abandoning module SSL (40)
[2023.05.31-13.23.42:220][720]LogModuleManager: Shutting down and abandoning module AnimationModifiers (36)
[2023.05.31-13.23.42:221][720]LogModuleManager: Shutting down and abandoning module PropertyEditor (35)
[2023.05.31-13.23.42:221][720]LogModuleManager: Shutting down and abandoning module AudioEditor (32)
[2023.05.31-13.23.42:221][720]LogModuleManager: Shutting down and abandoning module TextureCompressor (30)
[2023.05.31-13.23.42:221][720]LogModuleManager: Shutting down and abandoning module ShaderCore (28)
[2023.05.31-13.23.42:221][720]LogModuleManager: Shutting down and abandoning module Landscape (26)
[2023.05.31-13.23.42:221][720]LogModuleManager: Shutting down and abandoning module SlateRHIRenderer (24)
[2023.05.31-13.23.42:221][720]LogModuleManager: Shutting down and abandoning module OpenGLDrv (22)
[2023.05.31-13.23.42:222][720]LogModuleManager: Shutting down and abandoning module D3D11RHI (20)
[2023.05.31-13.23.42:222][720]LogModuleManager: Shutting down and abandoning module AnimGraphRuntime (18)
[2023.05.31-13.23.42:222][720]LogModuleManager: Shutting down and abandoning module Renderer (16)
[2023.05.31-13.23.42:222][720]LogModuleManager: Shutting down and abandoning module Engine (14)
[2023.05.31-13.23.42:222][720]LogModuleManager: Shutting down and abandoning module CoreUObject (12)
[2023.05.31-13.23.42:222][720]LogModuleManager: Shutting down and abandoning module NetworkFile (10)
[2023.05.31-13.23.42:222][720]LogModuleManager: Shutting down and abandoning module CookedIterativeFile (8)
[2023.05.31-13.23.42:222][720]LogModuleManager: Shutting down and abandoning module StreamingFile (6)
[2023.05.31-13.23.42:222][720]LogModuleManager: Shutting down and abandoning module SandboxFile (4)
[2023.05.31-13.23.42:222][720]LogModuleManager: Shutting down and abandoning module PakFile (2)
[2023.05.31-13.23.42:224][720]LogExit: Exiting.
[2023.05.31-13.23.42:225][720]Log file closed, 05/31/23 22:23:42
